[debug] > Exec(early(addDefaultCommands), None, None)
[debug] > Exec(addDefaultCommands, None, None)
[debug] > Exec(early(initialize), None, None)
[debug] > Exec(initialize, None, None)
[debug] > Exec(early(addPluginSbtFile="""C:\Users\aksha\AppData\Local\Temp\idea.sbt"""), None, None)
[debug] > Exec(addPluginSbtFile="""C:\Users\aksha\AppData\Local\Temp\idea.sbt""", None, None)
[debug] > Exec(boot, None, None)
[debug] > Exec(writeSbtVersion, None, None)
[debug] > Exec(reload, None, None)
[debug] > Exec(sbtStashOnFailure, None, None)
[debug] > Exec(onFailure loadFailed, None, None)
[debug] > Exec(loadp, None, None)
[info] welcome to sbt 1.10.3 (Oracle Corporation Java 1.8.0_202)
[debug] Load.defaultLoad until apply took 102.1168ms
[debug]           Load.loadUnit: plugins took 35.5687ms
[debug]           Load.loadUnit: defsScala took 0.124ms
[debug] [Loading] Scanning directory C:\CS441-HW2\project
[debug]             Load.loadUnit: mkEval took 4.6388ms
[debug] [Loading] Found non-root projects 
[debug] [Loading] Done in C:\CS441-HW2\project, returning: ()
[debug] deducing auto plugins based on known facts Set(Atom(sbt.plugins.CorePlugin)) and clauses Clauses(Clause(Atom(sbt.plugins.JvmPlugin),Set(Atom(sbt.plugins.IvyPlugin)))
[debug] Clause(Atom(sbt.ScriptedPlugin),Set(Atom(sbt.plugins.JvmPlugin)))
[debug] Clause(Atom(sbt.plugins.SbtPlugin),Set(Atom(sbt.ScriptedPlugin)))
[debug] Clause(Atom(sbt.plugins.SemanticdbPlugin),Set(Atom(sbt.plugins.JvmPlugin)))
[debug] Clause(Atom(sbt.plugins.JUnitXmlReportPlugin),Set(Atom(sbt.plugins.JvmPlugin)))
[debug] Clause(Atom(sbt.plugins.MiniDependencyTreePlugin),Set(Atom(sbt.plugins.JvmPlugin)))
[debug] Clause(Atom(sbt.plugins.CorePlugin),Set(Atom(sbt.plugins.IvyPlugin)))
[debug] Clause(Atom(sbt.plugins.IvyPlugin),Set(Atom(sbt.plugins.JvmPlugin)))
[debug] Clause(Atom(sbt.plugins.JvmPlugin),Set(Atom(sbt.plugins.SemanticdbPlugin)))
[debug] Clause(Atom(sbt.plugins.JvmPlugin),Set(Atom(sbt.plugins.JUnitXmlReportPlugin)))
[debug] Clause(Atom(sbt.plugins.CorePlugin),Set(Atom(sbt.plugins.Giter8TemplatePlugin)))
[debug] Clause(Atom(sbt.plugins.JvmPlugin),Set(Atom(sbt.plugins.MiniDependencyTreePlugin))))
[debug]   :: deduced result: Matched(sbt.plugins.CorePlugin,sbt.plugins.Giter8TemplatePlugin,sbt.plugins.IvyPlugin,sbt.plugins.JvmPlugin,sbt.plugins.MiniDependencyTreePlugin,sbt.plugins.JUnitXmlReportPlugin,sbt.plugins.SemanticdbPlugin)
[debug] Plugins.deducer#function took 6.8742 ms
[info] loading settings for project cs441-hw2-build from idea.sbt ...
[debug]               Load.resolveProject(cs441-hw2-build) took 23.9938ms
[debug]             Load.loadTransitive: finalizeProject(Project(id cs441-hw2-build, base: C:\CS441-HW2\project, plugins: List(<none>))) took 35.1295ms
[debug] [Loading] Done in C:\CS441-HW2\project, returning: (cs441-hw2-build)
[debug]           Load.loadUnit: loadedProjectsRaw took 1064.5844ms
[debug]           Load.loadUnit: cleanEvalClasses took 3.0759ms
[debug]         Load.loadUnit(file:/C:/CS441-HW2/project/, ...) took 1105.7974ms
[debug]       Load.apply: load took 1166.8375ms
[debug]       Load.apply: resolveProjects took 2.5243ms
[debug]       Load.apply: finalTransforms took 31.7129ms
[debug]       Load.apply: config.delegates took 3.003ms
[debug]       Load.apply: Def.make(settings)... took 147.9258ms
[debug]       Load.apply: structureIndex took 40.4011ms
[debug]       Load.apply: mkStreams took 1.0259ms
[info] loading project definition from C:\CS441-HW2\project
[debug] Running task... Cancel: Signal, check cycles: false, forcegc: true
[debug]     Load.loadUnit: plugins took 2338.4191ms
[debug]     Load.loadUnit: defsScala took 0.0019ms
[debug] [Loading] Scanning directory C:\CS441-HW2
[debug]       Load.loadUnit: mkEval took 0.1578ms
[debug] [Loading] Found root project root w/ remaining 
[debug] deducing auto plugins based on known facts Set(Atom(sbt.plugins.CorePlugin)) and clauses Clauses(Clause(Atom(sbt.plugins.JvmPlugin),Set(Atom(sbt.plugins.IvyPlugin)))
[debug] Clause(Atom(sbt.ScriptedPlugin),Set(Atom(sbt.plugins.JvmPlugin)))
[debug] Clause(Atom(sbt.plugins.SbtPlugin),Set(Atom(sbt.ScriptedPlugin)))
[debug] Clause(Atom(sbt.plugins.SemanticdbPlugin),Set(Atom(sbt.plugins.JvmPlugin)))
[debug] Clause(Atom(sbt.plugins.JUnitXmlReportPlugin),Set(Atom(sbt.plugins.JvmPlugin)))
[debug] Clause(Atom(sbt.plugins.MiniDependencyTreePlugin),Set(Atom(sbt.plugins.JvmPlugin)))
[debug] Clause(Atom(org.jetbrains.sbt.StructurePlugin),Set(Atom(sbt.plugins.JvmPlugin)))
[debug] Clause(Atom(org.jetbrains.sbt.IdeaShellPlugin),Set(Atom(sbt.plugins.JvmPlugin)))
[debug] Clause(Atom(sbt.plugins.CorePlugin),Set(Atom(sbt.plugins.IvyPlugin)))
[debug] Clause(Atom(sbt.plugins.IvyPlugin),Set(Atom(sbt.plugins.JvmPlugin)))
[debug] Clause(Atom(sbt.plugins.JvmPlugin),Set(Atom(sbt.plugins.SemanticdbPlugin)))
[debug] Clause(Atom(sbt.plugins.JvmPlugin),Set(Atom(sbt.plugins.JUnitXmlReportPlugin)))
[debug] Clause(Atom(sbt.plugins.CorePlugin),Set(Atom(sbt.plugins.Giter8TemplatePlugin)))
[debug] Clause(Atom(sbt.plugins.JvmPlugin),Set(Atom(sbt.plugins.MiniDependencyTreePlugin)))
[debug] Clause(Atom(sbt.plugins.JvmPlugin),Set(Atom(org.jetbrains.sbt.StructurePlugin)))
[debug] Clause(Atom(sbt.plugins.JvmPlugin),Set(Atom(org.jetbrains.sbt.IdeaShellPlugin))))
[debug]   :: deduced result: Matched(sbt.plugins.CorePlugin,sbt.plugins.Giter8TemplatePlugin,sbt.plugins.IvyPlugin,sbt.plugins.JvmPlugin,sbt.plugins.SemanticdbPlugin,sbt.plugins.JUnitXmlReportPlugin,org.jetbrains.sbt.IdeaShellPlugin,org.jetbrains.sbt.StructurePlugin,sbt.plugins.MiniDependencyTreePlugin)
[debug] Plugins.deducer#function took 1.2566 ms
[info] loading settings for project root from build.sbt ...
[debug]         Load.resolveProject(root) took 16.055ms
[debug]       Load.loadTransitive: finalizeProject(Project(id root, base: C:\CS441-HW2, plugins: List(<none>))) took 18.0858ms
[debug] [Loading] Done in C:\CS441-HW2, returning: (root)
[debug]     Load.loadUnit: loadedProjectsRaw took 587.9609ms
[debug]     Load.loadUnit: cleanEvalClasses took 3.9553ms
[debug]   Load.loadUnit(file:/C:/CS441-HW2/, ...) took 2930.9043ms
[debug] Load.apply: load took 2938.5608ms
[debug] Load.apply: resolveProjects took 0.1227ms
[debug] Load.apply: finalTransforms took 12.3597ms
[debug] Load.apply: config.delegates took 0.1428ms
[debug] Load.apply: Def.make(settings)... took 48.5644ms
[debug] Load.apply: structureIndex took 10.8105ms
[debug] Load.apply: mkStreams took 0.0021ms
[info] set current project to CS441-HW2 (in build file:/C:/CS441-HW2/)
[debug] > Exec(sbtPopOnFailure, None, None)
[debug] > Exec(resumeFromFailure, None, None)
[debug] > Exec(notifyUsersAboutShell, None, None)
[debug] > Exec(iflast shell, None, None)
[debug] > Exec(idea-shell, None, None)
